<?xml version="1.0" encoding="UTF-8"?>
<!-- Generated by org.testng.reporters.JUnitReportReporter -->
<testsuite name="Mytest.Test.provision" tests="1" time="7.558" ignored="0" failures="0" timestamp="11 Jun 2019 08:16:53 GMT" skipped="0" hostname="D4ZYZVT2" errors="0">
  <testcase name="testrun" time="7.558" classname="Mytest.Test.provision"/>
</testsuite> <!-- Mytest.Test.provision -->
